[debug] [2025-07-26T02:18:09.804Z] ----------------------------------------------------------------------
[debug] [2025-07-26T02:18:09.811Z] Command:       C:\Program Files\nodejs\node.exe C:\Users\Admin\AppData\Roaming\npm\node_modules\firebase-tools\lib\bin\firebase.js init hosting:github
[debug] [2025-07-26T02:18:09.812Z] CLI Version:   14.11.1
[debug] [2025-07-26T02:18:09.812Z] Platform:      win32
[debug] [2025-07-26T02:18:09.813Z] Node Version:  v22.17.0
[debug] [2025-07-26T02:18:09.813Z] Time:          Sat Jul 26 2025 14:18:09 GMT+1200 (Fiji Standard Time)
[debug] [2025-07-26T02:18:09.813Z] ----------------------------------------------------------------------
[debug] 
[debug] [2025-07-26T02:18:10.244Z] > command requires scopes: ["email","openid","https://www.googleapis.com/auth/cloudplatformprojects.readonly","https://www.googleapis.com/auth/firebase","https://www.googleapis.com/auth/cloud-platform"]
[debug] [2025-07-26T02:18:10.245Z] > authorizing via signed-in user (cloudharekrishna@gmail.com)
[info] 
     ######## #### ########  ######## ########     ###     ######  ########
     ##        ##  ##     ## ##       ##     ##  ##   ##  ##       ##
     ######    ##  ########  ######   ########  #########  ######  ######
     ##        ##  ##    ##  ##       ##     ## ##     ##       ## ##
     ##       #### ##     ## ######## ########  ##     ##  ######  ########

You're about to initialize a Firebase project in this directory:

  C:\Users\Admin\Desktop\school platform

Before we get started, keep in mind:

  * You are initializing within an existing Firebase project directory

[info] 
=== Project Setup
[info] 
[info] First, let's associate this project directory with a Firebase project.
[info] You can create multiple project aliases by running firebase use --add, 
[info] but for now we'll just set up a default project.
[info] 
[debug] [2025-07-26T02:19:19.419Z] Using project from CLI flag: school-platform-kc9uh
[debug] [2025-07-26T02:19:19.421Z] Checked if tokens are valid: false, expires at: 1753495897415
[debug] [2025-07-26T02:19:19.421Z] Checked if tokens are valid: false, expires at: 1753495897415
[debug] [2025-07-26T02:19:19.422Z] > refreshing access token with scopes: []
[debug] [2025-07-26T02:19:19.426Z] >>> [apiv2][query] POST https://www.googleapis.com/oauth2/v3/token [none]
[debug] [2025-07-26T02:19:19.427Z] >>> [apiv2][body] POST https://www.googleapis.com/oauth2/v3/token [omitted]
[debug] [2025-07-26T02:19:20.386Z] <<< [apiv2][status] POST https://www.googleapis.com/oauth2/v3/token 200
[debug] [2025-07-26T02:19:20.386Z] <<< [apiv2][body] POST https://www.googleapis.com/oauth2/v3/token [omitted]
[debug] [2025-07-26T02:19:20.435Z] >>> [apiv2][query] GET https://firebase.googleapis.com/v1beta1/projects/school-platform-kc9uh [none]
[debug] [2025-07-26T02:19:21.618Z] <<< [apiv2][status] GET https://firebase.googleapis.com/v1beta1/projects/school-platform-kc9uh 200
[debug] [2025-07-26T02:19:21.619Z] <<< [apiv2][body] GET https://firebase.googleapis.com/v1beta1/projects/school-platform-kc9uh {"projectId":"school-platform-kc9uh","projectNumber":"840322255670","displayName":"School platform","name":"projects/school-platform-kc9uh","resources":{"hostingSite":"school-platform-kc9uh"},"state":"ACTIVE","etag":"1_6d6e623f-8f6a-46c2-9972-fc49ded0bf6c"}
[info] i  Using project school-platform-kc9uh (School platform) 
[info] 
=== Hosting:github Setup
[info] 
[info] i  Didn't detect a .git folder. Assuming C:\Users\Admin\Desktop\school platform is the project root. 
[info] i  Authorizing with GitHub to upload your service account to a GitHub repository's secrets store. 
[info] 
[info] Visit this URL on this device to log in:
[info] https://github.com/login/oauth/authorize?client_id=89cf50f02ac6aaed3484&state=438633131&redirect_uri=http%3A%2F%2Flocalhost%3A9005&scope=read%3Auser%20repo%20public_repo
[info] 
[info] Waiting for authentication...
[debug] [2025-07-26T02:19:21.824Z] Error: spawn cmd ENOENT
    at ChildProcess._handle.onexit (node:internal/child_process:285:19)
    at onErrorNT (node:internal/child_process:483:16)
    at process.processTicksAndRejections (node:internal/process/task_queues:90:21)
[error] 
[error] Error: An unexpected error has occurred.
[debug] [2025-07-26T02:25:03.461Z] ----------------------------------------------------------------------
[debug] [2025-07-26T02:25:03.466Z] Command:       C:\Program Files\nodejs\node.exe C:\Users\Admin\AppData\Roaming\npm\node_modules\firebase-tools\lib\bin\firebase.js init
[debug] [2025-07-26T02:25:03.467Z] CLI Version:   14.11.1
[debug] [2025-07-26T02:25:03.467Z] Platform:      win32
[debug] [2025-07-26T02:25:03.467Z] Node Version:  v22.17.0
[debug] [2025-07-26T02:25:03.467Z] Time:          Sat Jul 26 2025 14:25:03 GMT+1200 (Fiji Standard Time)
[debug] [2025-07-26T02:25:03.468Z] ----------------------------------------------------------------------
[debug] 
[debug] [2025-07-26T02:25:03.903Z] > command requires scopes: ["email","openid","https://www.googleapis.com/auth/cloudplatformprojects.readonly","https://www.googleapis.com/auth/firebase","https://www.googleapis.com/auth/cloud-platform"]
[debug] [2025-07-26T02:25:03.904Z] > authorizing via signed-in user (cloudharekrishna@gmail.com)
[info] 
     ######## #### ########  ######## ########     ###     ######  ########
     ##        ##  ##     ## ##       ##     ##  ##   ##  ##       ##
     ######    ##  ########  ######   ########  #########  ######  ######
     ##        ##  ##    ##  ##       ##     ## ##     ##       ## ##
     ##       #### ##     ## ######## ########  ##     ##  ######  ########

You're about to initialize a Firebase project in this directory:

  C:\Users\Admin\Desktop\school platform

Before we get started, keep in mind:

  * You are initializing within an existing Firebase project directory

[info] 
=== Project Setup
[info] 
[info] First, let's associate this project directory with a Firebase project.
[info] You can create multiple project aliases by running firebase use --add, 
[info] but for now we'll just set up a default project.
[info] 
[debug] [2025-07-26T02:25:30.936Z] Using project from CLI flag: school-platform-kc9uh
[debug] [2025-07-26T02:25:30.938Z] Checked if tokens are valid: true, expires at: 1753499959386
[debug] [2025-07-26T02:25:30.938Z] Checked if tokens are valid: true, expires at: 1753499959386
[debug] [2025-07-26T02:25:30.939Z] >>> [apiv2][query] GET https://firebase.googleapis.com/v1beta1/projects/school-platform-kc9uh [none]
[debug] [2025-07-26T02:25:32.261Z] <<< [apiv2][status] GET https://firebase.googleapis.com/v1beta1/projects/school-platform-kc9uh 200
[debug] [2025-07-26T02:25:32.261Z] <<< [apiv2][body] GET https://firebase.googleapis.com/v1beta1/projects/school-platform-kc9uh {"projectId":"school-platform-kc9uh","projectNumber":"840322255670","displayName":"School platform","name":"projects/school-platform-kc9uh","resources":{"hostingSite":"school-platform-kc9uh"},"state":"ACTIVE","etag":"1_6d6e623f-8f6a-46c2-9972-fc49ded0bf6c"}
[info] i  Using project school-platform-kc9uh (School platform) 
[info] 
=== Hosting Setup
[debug] [2025-07-26T02:25:32.320Z] Checked if tokens are valid: true, expires at: 1753499959386
[debug] [2025-07-26T02:25:32.320Z] Checked if tokens are valid: true, expires at: 1753499959386
[debug] [2025-07-26T02:25:32.320Z] >>> [apiv2][query] GET https://firebase.googleapis.com/v1beta1/projects/school-platform-kc9uh [none]
[debug] [2025-07-26T02:25:33.152Z] <<< [apiv2][status] GET https://firebase.googleapis.com/v1beta1/projects/school-platform-kc9uh 200
[debug] [2025-07-26T02:25:33.152Z] <<< [apiv2][body] GET https://firebase.googleapis.com/v1beta1/projects/school-platform-kc9uh {"projectId":"school-platform-kc9uh","projectNumber":"840322255670","displayName":"School platform","name":"projects/school-platform-kc9uh","resources":{"hostingSite":"school-platform-kc9uh"},"state":"ACTIVE","etag":"1_6d6e623f-8f6a-46c2-9972-fc49ded0bf6c"}
[info] 
[info] Your public directory is the folder (relative to your project directory) that
[info] will contain Hosting assets to be uploaded with firebase deploy. If you
[info] have a build process for your assets, use your build's output directory.
[info] 
[info] i  public/404.html is unchanged 
[debug] [2025-07-26T02:27:20.619Z] >>> [apiv2][query] GET https://www.gstatic.com/firebasejs/releases.json [none]
[debug] [2025-07-26T02:27:21.100Z] <<< [apiv2][status] GET https://www.gstatic.com/firebasejs/releases.json 200
[debug] [2025-07-26T02:27:21.100Z] <<< [apiv2][body] GET https://www.gstatic.com/firebasejs/releases.json {"current":{"version":"12.0.0","browserURL":"https://www.gstatic.com/firebasejs/12.0.0/firebase.js","packageURL":"https://www.gstatic.com/firebasejs/12.0.0/firebase.tgz"},"live":{"version":"12.0","browserURL":"https://www.gstatic.com/firebasejs/live/12.0/firebase.js","packageURL":"https://www.gstatic.com/firebasejs/live/12.0/firebase.tgz"},"components":{"ai":"https://www.gstatic.com/firebasejs/12.0.0/firebase-ai.js","analytics":"https://www.gstatic.com/firebasejs/12.0.0/firebase-analytics.js","app":"https://www.gstatic.com/firebasejs/12.0.0/firebase-app.js","app-check":"https://www.gstatic.com/firebasejs/12.0.0/firebase-app-check.js","auth":"https://www.gstatic.com/firebasejs/12.0.0/firebase-auth.js","auth/cordova":"https://www.gstatic.com/firebasejs/12.0.0/firebase-auth/cordova.js","auth/web-extension":"https://www.gstatic.com/firebasejs/12.0.0/firebase-auth/web-extension.js","functions":"https://www.gstatic.com/firebasejs/12.0.0/firebase-functions.js","firestore":"https://www.gstatic.com/firebasejs/12.0.0/firebase-firestore.js","firestore/lite":"https://www.gstatic.com/firebasejs/12.0.0/firebase-firestore/lite.js","installations":"https://www.gstatic.com/firebasejs/12.0.0/firebase-installations.js","storage":"https://www.gstatic.com/firebasejs/12.0.0/firebase-storage.js","performance":"https://www.gstatic.com/firebasejs/12.0.0/firebase-performance.js","remote-config":"https://www.gstatic.com/firebasejs/12.0.0/firebase-remote-config.js","messaging":"https://www.gstatic.com/firebasejs/12.0.0/firebase-messaging.js","messaging/sw":"https://www.gstatic.com/firebasejs/12.0.0/firebase-messaging/sw.js","database":"https://www.gstatic.com/firebasejs/12.0.0/firebase-database.js","data-connect":"https://www.gstatic.com/firebasejs/12.0.0/firebase-data-connect.js","firestore.memory":"https://www.gstatic.com/firebasejs/12.0.0/firebase-firestore.memory.js"}}
[info] i  Skipping write of public/index.html 
[info] 
[info] i  Detected a .git folder at C:\Users\Admin\Desktop\school platform 
[info] i  Authorizing with GitHub to upload your service account to a GitHub repository's secrets store. 
[info] 
[info] Visit this URL on this device to log in:
[info] https://github.com/login/oauth/authorize?client_id=89cf50f02ac6aaed3484&state=169368953&redirect_uri=http%3A%2F%2Flocalhost%3A9005&scope=read%3Auser%20repo%20public_repo
[info] 
[info] Waiting for authentication...
[debug] [2025-07-26T02:27:30.078Z] Error: spawn cmd ENOENT
    at ChildProcess._handle.onexit (node:internal/child_process:285:19)
    at onErrorNT (node:internal/child_process:483:16)
    at process.processTicksAndRejections (node:internal/process/task_queues:90:21)
[error] 
[error] Error: An unexpected error has occurred.
